Running: /opt/Xilinx/14.7/ISE_DS/ISE/bin/lin64/unwrapped/fuse -relaunch -intstyle "ise" -incremental -lib "secureip" -o "/home/ise/460/MIPSDemo/MIPS_isim_beh.exe" -prj "/home/ise/460/MIPSDemo/MIPS_beh.prj" "work.MIPS" 
ISim P.20160913 (signature 0xfbc00daa)
Number of CPUs detected in this system: 1
Turning on mult-threading, number of parallel sub-compilation jobs: 0 
Determining compilation order of HDL files
Parsing VHDL file "/home/ise/460/MIPSDemo/InstructionMemory.vhd" into library work
Parsing VHDL file "/home/ise/460/MIPSDemo/MIPS.vhd" into library work
Starting static elaboration
Completed static elaboration
Fuse Memory Usage: 96828 KB
Fuse CPU Usage: 1240 ms
Compiling package standard
Compiling package std_logic_1164
Compiling package numeric_std
Compiling architecture behavioral of entity InstructionMemory [instructionmemory_default]
Compiling architecture behavioral of entity mips
Time Resolution for simulation is 1ps.
Compiled 6 VHDL Units
Built simulation executable /home/ise/460/MIPSDemo/MIPS_isim_beh.exe
Fuse Memory Usage: 111516 KB
Fuse CPU Usage: 1430 ms
GCC CPU Usage: 180 ms
