ISim log file
Running: /home/ise/460/MIPSDemo/MIPS_isim_beh.exe -intstyle ise -gui -tclbatch isim.cmd -wdb /home/ise/460/MIPSDemo/MIPS_isim_beh.wdb 
ISim P.20160913 (signature 0xfbc00daa)
----------------------------------------------------------------------
WARNING:Security:42 - Your software subscription period has lapsed. Your current version of Xilinx tools will continue to function, but you no longer qualify for Xilinx software updates or new releases.


----------------------------------------------------------------------
This is a Full version of ISim.
Time resolution is 1 ps
# onerror resume
# wave add /
# run 1000 ns
Simulator is doing circuit initialization process.
Finished circuit initialization process.
# run all
Stopped at time : 886868980 ns : File "/home/ise/460/MIPSDemo/MIPS.vhd" Line 62
# restart
# run all
Simulator is doing circuit initialization process.
Finished circuit initialization process.
Stopped at time : 855900880 ns : File "/home/ise/460/MIPSDemo/MIPS.vhd" Line 59
